nice=0   load=9    percent=2%  | nice=-20 load=310  percent=97%
nice=0   load=12   percent=3%  | nice=-19 load=322  percent=96%
nice=0   load=13   percent=3%  | nice=-18 load=322  percent=96%
nice=0   load=12   percent=3%  | nice=-17 load=321  percent=96%
nice=0   load=14   percent=4%  | nice=-16 load=321  percent=95%
nice=0   load=16   percent=4%  | nice=-15 load=318  percent=95%
nice=0   load=22   percent=6%  | nice=-14 load=313  percent=93%
nice=0   load=25   percent=7%  | nice=-13 load=303  percent=92%
nice=0   load=26   percent=7%  | nice=-12 load=302  percent=92%
nice=0   load=34   percent=10% | nice=-11 load=295  percent=89%
nice=0   load=37   percent=11% | nice=-10 load=289  percent=88%
nice=0   load=44   percent=13% | nice=-9  load=284  percent=86%
nice=0   load=53   percent=16% | nice=-8  load=274  percent=83%
nice=0   load=66   percent=19% | nice=-7  load=265  percent=80%
nice=0   load=78   percent=23% | nice=-6  load=255  percent=76%
nice=0   load=90   percent=27% | nice=-5  load=243  percent=72%
nice=0   load=98   percent=29% | nice=-4  load=235  percent=70%
nice=0   load=116  percent=35% | nice=-3  load=213  percent=64%
nice=0   load=136  percent=40% | nice=-2  load=197  percent=59%
nice=0   load=147  percent=44% | nice=-1  load=181  percent=55%
nice=0   load=163  percent=49% | nice=0   load=164  percent=50%
nice=0   load=181  percent=55% | nice=1   load=146  percent=44%
nice=0   load=195  percent=59% | nice=2   load=131  percent=40%
nice=0   load=213  percent=65% | nice=3   load=114  percent=34%
nice=0   load=231  percent=70% | nice=4   load=96   percent=29%
nice=0   load=244  percent=74% | nice=5   load=83   percent=25%
nice=0   load=255  percent=77% | nice=6   load=72   percent=22%
nice=0   load=267  percent=81% | nice=7   load=60   percent=18%
nice=0   load=276  percent=84% | nice=8   load=52   percent=15%
nice=0   load=283  percent=86% | nice=9   load=44   percent=13%
nice=0   load=289  percent=88% | nice=10  load=38   percent=11%
nice=0   load=295  percent=89% | nice=11  load=33   percent=10%
nice=0   load=300  percent=92% | nice=12  load=26   percent=7% 
nice=0   load=306  percent=93% | nice=13  load=23   percent=6% 
nice=0   load=312  percent=93% | nice=14  load=21   percent=6% 
nice=0   load=314  percent=94% | nice=15  load=19   percent=5% 
nice=0   load=321  percent=96% | nice=16  load=13   percent=3% 
nice=0   load=321  percent=96% | nice=17  load=12   percent=3% 
nice=0   load=322  percent=96% | nice=18  load=12   percent=3% 
nice=0   load=322  percent=96% | nice=19  load=12   percent=3% 
